[14.697s] Invoking command in '/home/ubuntu/ros2_ws/src/lab4': PYTHONPATH=/home/ubuntu/ros2_ws/src/build/lab4/prefix_override:/usr/lib/python3/dist-packages/colcon_core/task/python/colcon_distutils_commands:/home/ubuntu/ros2_ws/src/install/lab4/lib/python3.10/site-packages:${PYTHONPATH} /usr/bin/python3 -W ignore:setup.py install is deprecated setup.py egg_info --egg-base ../build/lab4 build --build-base /home/ubuntu/ros2_ws/src/build/lab4/build install --record /home/ubuntu/ros2_ws/src/build/lab4/install.log --single-version-externally-managed install_data
[19.151s] running egg_info
[19.160s] creating ../build/lab4/lab4.egg-info
[19.161s] writing ../build/lab4/lab4.egg-info/PKG-INFO
[19.187s] writing dependency_links to ../build/lab4/lab4.egg-info/dependency_links.txt
[19.188s] writing entry points to ../build/lab4/lab4.egg-info/entry_points.txt
[19.188s] writing requirements to ../build/lab4/lab4.egg-info/requires.txt
[19.189s] writing top-level names to ../build/lab4/lab4.egg-info/top_level.txt
[19.196s] writing manifest file '../build/lab4/lab4.egg-info/SOURCES.txt'
[19.201s] reading manifest file '../build/lab4/lab4.egg-info/SOURCES.txt'
[19.206s] adding license file 'LICENSE'
[19.214s] writing manifest file '../build/lab4/lab4.egg-info/SOURCES.txt'
[19.234s] running build
[19.234s] running build_py
[19.235s] creating /home/ubuntu/ros2_ws/src/build/lab4/build
[19.242s] creating /home/ubuntu/ros2_ws/src/build/lab4/build/lib
[19.243s] creating /home/ubuntu/ros2_ws/src/build/lab4/build/lib/lab4
[19.244s] copying lab4/__init__.py -> /home/ubuntu/ros2_ws/src/build/lab4/build/lib/lab4
[19.265s] copying lab4/social_navigation_node.py -> /home/ubuntu/ros2_ws/src/build/lab4/build/lib/lab4
[19.273s] running install
[19.279s] running install_lib
[19.292s] creating /home/ubuntu/ros2_ws/src/install/lab4/lib/python3.10/site-packages/lab4
[19.294s] copying /home/ubuntu/ros2_ws/src/build/lab4/build/lib/lab4/__init__.py -> /home/ubuntu/ros2_ws/src/install/lab4/lib/python3.10/site-packages/lab4
[19.303s] copying /home/ubuntu/ros2_ws/src/build/lab4/build/lib/lab4/social_navigation_node.py -> /home/ubuntu/ros2_ws/src/install/lab4/lib/python3.10/site-packages/lab4
[19.308s] byte-compiling /home/ubuntu/ros2_ws/src/install/lab4/lib/python3.10/site-packages/lab4/__init__.py to __init__.cpython-310.pyc
[19.312s] byte-compiling /home/ubuntu/ros2_ws/src/install/lab4/lib/python3.10/site-packages/lab4/social_navigation_node.py to social_navigation_node.cpython-310.pyc
[19.324s] running install_data
[19.327s] creating /home/ubuntu/ros2_ws/src/install/lab4/share/ament_index
[19.329s] creating /home/ubuntu/ros2_ws/src/install/lab4/share/ament_index/resource_index
[19.330s] creating /home/ubuntu/ros2_ws/src/install/lab4/share/ament_index/resource_index/packages
[19.332s] copying resource/lab4 -> /home/ubuntu/ros2_ws/src/install/lab4/share/ament_index/resource_index/packages
[19.334s] copying package.xml -> /home/ubuntu/ros2_ws/src/install/lab4/share/lab4
[19.337s] running install_egg_info
[19.377s] Copying ../build/lab4/lab4.egg-info to /home/ubuntu/ros2_ws/src/install/lab4/lib/python3.10/site-packages/lab4-0.0.0-py3.10.egg-info
[19.385s] running install_scripts
[19.525s] Installing social_navigation_node script to /home/ubuntu/ros2_ws/src/install/lab4/lib/lab4
[19.536s] writing list of installed files to '/home/ubuntu/ros2_ws/src/build/lab4/install.log'
[19.832s] Invoked command in '/home/ubuntu/ros2_ws/src/lab4' returned '0': PYTHONPATH=/home/ubuntu/ros2_ws/src/build/lab4/prefix_override:/usr/lib/python3/dist-packages/colcon_core/task/python/colcon_distutils_commands:/home/ubuntu/ros2_ws/src/install/lab4/lib/python3.10/site-packages:${PYTHONPATH} /usr/bin/python3 -W ignore:setup.py install is deprecated setup.py egg_info --egg-base ../build/lab4 build --build-base /home/ubuntu/ros2_ws/src/build/lab4/build install --record /home/ubuntu/ros2_ws/src/build/lab4/install.log --single-version-externally-managed install_data
