[1.568s] DEBUG:colcon:Command line arguments: ['/usr/bin/colcon', 'build']
[1.569s] DEBUG:colcon:Parsed command line arguments: Namespace(log_base=None, log_level=None, verb_name='build', build_base='build', install_base='install', merge_install=False, symlink_install=False, test_result_base=None, continue_on_error=False, executor='parallel', parallel_workers=4, event_handlers=None, ignore_user_meta=False, metas=['./colcon.meta'], base_paths=['.'], packages_ignore=None, packages_ignore_regex=None, paths=None, packages_up_to=None, packages_up_to_regex=None, packages_above=None, packages_above_and_dependencies=None, packages_above_depth=None, packages_select_by_dep=None, packages_skip_by_dep=None, packages_skip_up_to=None, packages_select_build_failed=False, packages_skip_build_finished=False, packages_select_test_failures=False, packages_skip_test_passed=False, packages_select=None, packages_skip=None, packages_select_regex=None, packages_skip_regex=None, packages_start=None, packages_end=None, allow_overriding=[], cmake_args=None, cmake_target=None, cmake_target_skip_unavailable=False, cmake_clean_cache=False, cmake_clean_first=False, cmake_force_configure=False, ament_cmake_args=None, catkin_cmake_args=None, catkin_skip_building_tests=False, mixin_files=None, mixin=None, verb_parser=<colcon_mixin.mixin.mixin_argument.MixinArgumentDecorator object at 0xffff9db17f10>, verb_extension=<colcon_core.verb.build.BuildVerb object at 0xffff9dcf8730>, main=<bound method BuildVerb.main of <colcon_core.verb.build.BuildVerb object at 0xffff9dcf8730>>, mixin_verb=('build',))
[5.406s] Level 1:colcon.colcon_core.package_discovery:discover_packages(colcon_meta) check parameters
[5.407s] Level 1:colcon.colcon_core.package_discovery:discover_packages(recursive) check parameters
[5.407s] Level 1:colcon.colcon_core.package_discovery:discover_packages(ignore) check parameters
[5.407s] Level 1:colcon.colcon_core.package_discovery:discover_packages(path) check parameters
[5.408s] Level 1:colcon.colcon_core.package_discovery:discover_packages(colcon_meta) discover
[5.408s] Level 1:colcon.colcon_core.package_discovery:discover_packages(recursive) discover
[5.408s] INFO:colcon.colcon_core.package_discovery:Crawling recursively for packages in '/home/ubuntu/ros2_ws'
[5.408s] Level 1:colcon.colcon_core.package_identification:_identify(.) by extensions ['ignore', 'ignore_ament_install']
[5.409s] Level 1:colcon.colcon_core.package_identification:_identify(.) by extension 'ignore'
[5.409s] Level 1:colcon.colcon_core.package_identification:_identify(.) by extension 'ignore_ament_install'
[5.409s] Level 1:colcon.colcon_core.package_identification:_identify(.) by extensions ['colcon_pkg']
[5.410s] Level 1:colcon.colcon_core.package_identification:_identify(.) by extension 'colcon_pkg'
[5.410s] Level 1:colcon.colcon_core.package_identification:_identify(.) by extensions ['colcon_meta']
[5.410s] Level 1:colcon.colcon_core.package_identification:_identify(.) by extension 'colcon_meta'
[5.410s] Level 1:colcon.colcon_core.package_identification:_identify(.) by extensions ['ros']
[5.411s] Level 1:colcon.colcon_core.package_identification:_identify(.) by extension 'ros'
[5.478s] Level 1:colcon.colcon_core.package_identification:_identify(.) by extensions ['cmake', 'python']
[5.479s] Level 1:colcon.colcon_core.package_identification:_identify(.) by extension 'cmake'
[5.479s] Level 1:colcon.colcon_core.package_identification:_identify(.) by extension 'python'
[5.479s] Level 1:colcon.colcon_core.package_identification:_identify(.) by extensions ['python_setup_py']
[5.479s] Level 1:colcon.colcon_core.package_identification:_identify(.) by extension 'python_setup_py'
[5.480s] Level 1:colcon.colcon_core.package_identification:_identify(build) by extensions ['ignore', 'ignore_ament_install']
[5.481s] Level 1:colcon.colcon_core.package_identification:_identify(build) by extension 'ignore'
[5.482s] Level 1:colcon.colcon_core.package_identification:_identify(build) ignored
[5.483s] Level 1:colcon.colcon_core.package_identification:_identify(install) by extensions ['ignore', 'ignore_ament_install']
[5.483s] Level 1:colcon.colcon_core.package_identification:_identify(install) by extension 'ignore'
[5.483s] Level 1:colcon.colcon_core.package_identification:_identify(install) ignored
[5.485s] Level 1:colcon.colcon_core.package_identification:_identify(log) by extensions ['ignore', 'ignore_ament_install']
[5.486s] Level 1:colcon.colcon_core.package_identification:_identify(log) by extension 'ignore'
[5.486s] Level 1:colcon.colcon_core.package_identification:_identify(log) ignored
[5.487s] Level 1:colcon.colcon_core.package_identification:_identify(src) by extensions ['ignore', 'ignore_ament_install']
[5.487s] Level 1:colcon.colcon_core.package_identification:_identify(src) by extension 'ignore'
[5.488s] Level 1:colcon.colcon_core.package_identification:_identify(src) by extension 'ignore_ament_install'
[5.488s] Level 1:colcon.colcon_core.package_identification:_identify(src) by extensions ['colcon_pkg']
[5.488s] Level 1:colcon.colcon_core.package_identification:_identify(src) by extension 'colcon_pkg'
[5.488s] Level 1:colcon.colcon_core.package_identification:_identify(src) by extensions ['colcon_meta']
[5.488s] Level 1:colcon.colcon_core.package_identification:_identify(src) by extension 'colcon_meta'
[5.489s] Level 1:colcon.colcon_core.package_identification:_identify(src) by extensions ['ros']
[5.489s] Level 1:colcon.colcon_core.package_identification:_identify(src) by extension 'ros'
[5.490s] Level 1:colcon.colcon_core.package_identification:_identify(src) by extensions ['cmake', 'python']
[5.491s] Level 1:colcon.colcon_core.package_identification:_identify(src) by extension 'cmake'
[5.492s] Level 1:colcon.colcon_core.package_identification:_identify(src) by extension 'python'
[5.492s] Level 1:colcon.colcon_core.package_identification:_identify(src) by extensions ['python_setup_py']
[5.492s] Level 1:colcon.colcon_core.package_identification:_identify(src) by extension 'python_setup_py'
[5.495s] Level 1:colcon.colcon_core.package_identification:_identify(src/build) by extensions ['ignore', 'ignore_ament_install']
[5.495s] Level 1:colcon.colcon_core.package_identification:_identify(src/build) by extension 'ignore'
[5.495s] Level 1:colcon.colcon_core.package_identification:_identify(src/build) ignored
[5.496s] Level 1:colcon.colcon_core.package_identification:_identify(src/install) by extensions ['ignore', 'ignore_ament_install']
[5.497s] Level 1:colcon.colcon_core.package_identification:_identify(src/install) by extension 'ignore'
[5.497s] Level 1:colcon.colcon_core.package_identification:_identify(src/install) ignored
[5.498s] Level 1:colcon.colcon_core.package_identification:_identify(src/lab4) by extensions ['ignore', 'ignore_ament_install']
[5.508s] Level 1:colcon.colcon_core.package_identification:_identify(src/lab4) by extension 'ignore'
[5.508s] Level 1:colcon.colcon_core.package_identification:_identify(src/lab4) by extension 'ignore_ament_install'
[5.510s] Level 1:colcon.colcon_core.package_identification:_identify(src/lab4) by extensions ['colcon_pkg']
[5.510s] Level 1:colcon.colcon_core.package_identification:_identify(src/lab4) by extension 'colcon_pkg'
[5.512s] Level 1:colcon.colcon_core.package_identification:_identify(src/lab4) by extensions ['colcon_meta']
[5.512s] Level 1:colcon.colcon_core.package_identification:_identify(src/lab4) by extension 'colcon_meta'
[5.516s] Level 1:colcon.colcon_core.package_identification:_identify(src/lab4) by extensions ['ros']
[5.516s] Level 1:colcon.colcon_core.package_identification:_identify(src/lab4) by extension 'ros'
[5.535s] DEBUG:colcon.colcon_core.package_identification:Package 'src/lab4' with type 'ros.ament_python' and name 'lab4'
[5.537s] Level 1:colcon.colcon_core.package_identification:_identify(src/log) by extensions ['ignore', 'ignore_ament_install']
[5.537s] Level 1:colcon.colcon_core.package_identification:_identify(src/log) by extension 'ignore'
[5.538s] Level 1:colcon.colcon_core.package_identification:_identify(src/log) ignored
[5.538s] Level 1:colcon.colcon_core.package_discovery:discover_packages(recursive) using defaults
[5.539s] Level 1:colcon.colcon_core.package_discovery:discover_packages(ignore) discover
[5.539s] Level 1:colcon.colcon_core.package_discovery:discover_packages(ignore) using defaults
[5.539s] Level 1:colcon.colcon_core.package_discovery:discover_packages(path) discover
[5.539s] Level 1:colcon.colcon_core.package_discovery:discover_packages(path) using defaults
[5.862s] Level 1:colcon.colcon_core.package_discovery:discover_packages(prefix_path) check parameters
[5.862s] Level 1:colcon.colcon_core.package_discovery:discover_packages(prefix_path) discover
[5.914s] DEBUG:colcon.colcon_installed_package_information.package_discovery:Found 333 installed packages in /opt/ros/humble
[5.932s] Level 1:colcon.colcon_core.package_discovery:discover_packages(prefix_path) using defaults
[6.431s] Level 5:colcon.colcon_core.verb:set package 'lab4' build argument 'cmake_args' from command line to 'None'
[6.431s] Level 5:colcon.colcon_core.verb:set package 'lab4' build argument 'cmake_target' from command line to 'None'
[6.431s] Level 5:colcon.colcon_core.verb:set package 'lab4' build argument 'cmake_target_skip_unavailable' from command line to 'False'
[6.432s] Level 5:colcon.colcon_core.verb:set package 'lab4' build argument 'cmake_clean_cache' from command line to 'False'
[6.432s] Level 5:colcon.colcon_core.verb:set package 'lab4' build argument 'cmake_clean_first' from command line to 'False'
[6.432s] Level 5:colcon.colcon_core.verb:set package 'lab4' build argument 'cmake_force_configure' from command line to 'False'
[6.432s] Level 5:colcon.colcon_core.verb:set package 'lab4' build argument 'ament_cmake_args' from command line to 'None'
[6.432s] Level 5:colcon.colcon_core.verb:set package 'lab4' build argument 'catkin_cmake_args' from command line to 'None'
[6.440s] Level 5:colcon.colcon_core.verb:set package 'lab4' build argument 'catkin_skip_building_tests' from command line to 'False'
[6.440s] DEBUG:colcon.colcon_core.verb:Building package 'lab4' with the following arguments: {'ament_cmake_args': None, 'build_base': '/home/ubuntu/ros2_ws/build/lab4', 'catkin_cmake_args': None, 'catkin_skip_building_tests': False, 'cmake_args': None, 'cmake_clean_cache': False, 'cmake_clean_first': False, 'cmake_force_configure': False, 'cmake_target': None, 'cmake_target_skip_unavailable': False, 'install_base': '/home/ubuntu/ros2_ws/install/lab4', 'merge_install': False, 'path': '/home/ubuntu/ros2_ws/src/lab4', 'symlink_install': False, 'test_result_base': None}
[6.442s] INFO:colcon.colcon_core.executor:Executing jobs using 'parallel' executor
[6.448s] DEBUG:colcon.colcon_parallel_executor.executor.parallel:run_until_complete
[6.449s] INFO:colcon.colcon_ros.task.ament_python.build:Building ROS package in '/home/ubuntu/ros2_ws/src/lab4' with build type 'ament_python'
[6.449s] Level 1:colcon.colcon_core.shell:create_environment_hook('lab4', 'ament_prefix_path')
[6.495s] INFO:colcon.colcon_core.plugin_system:Skipping extension 'colcon_core.shell.bat': Not used on non-Windows systems
[6.496s] INFO:colcon.colcon_core.shell:Creating environment hook '/home/ubuntu/ros2_ws/install/lab4/share/lab4/hook/ament_prefix_path.ps1'
[6.511s] INFO:colcon.colcon_core.shell:Creating environment descriptor '/home/ubuntu/ros2_ws/install/lab4/share/lab4/hook/ament_prefix_path.dsv'
[6.525s] INFO:colcon.colcon_core.shell:Creating environment hook '/home/ubuntu/ros2_ws/install/lab4/share/lab4/hook/ament_prefix_path.sh'
[6.541s] INFO:colcon.colcon_core.shell:Skip shell extension 'powershell' for command environment: Not usable outside of PowerShell
[6.542s] DEBUG:colcon.colcon_core.shell:Skip shell extension 'dsv' for command environment
[11.142s] INFO:colcon.colcon_core.task.python.build:Building Python package in '/home/ubuntu/ros2_ws/src/lab4'
[11.143s] INFO:colcon.colcon_core.shell:Skip shell extension 'powershell' for command environment: Not usable outside of PowerShell
[11.144s] DEBUG:colcon.colcon_core.shell:Skip shell extension 'dsv' for command environment
[17.749s] DEBUG:colcon.colcon_core.event_handler.log_command:Invoking command in '/home/ubuntu/ros2_ws/build/lab4': PYTHONPATH=/home/ubuntu/ros2_ws/build/lab4/prefix_override:/usr/lib/python3/dist-packages/colcon_core/task/python/colcon_distutils_commands:/home/ubuntu/ros2_ws/install/lab4/lib/python3.10/site-packages:${PYTHONPATH} /usr/bin/python3 -W ignore:setup.py install is deprecated setup.py develop --uninstall --editable --build-directory /home/ubuntu/ros2_ws/build/lab4/build
[23.322s] DEBUG:colcon.colcon_core.event_handler.log_command:Invoked command in '/home/ubuntu/ros2_ws/build/lab4' returned '0': PYTHONPATH=/home/ubuntu/ros2_ws/build/lab4/prefix_override:/usr/lib/python3/dist-packages/colcon_core/task/python/colcon_distutils_commands:/home/ubuntu/ros2_ws/install/lab4/lib/python3.10/site-packages:${PYTHONPATH} /usr/bin/python3 -W ignore:setup.py install is deprecated setup.py develop --uninstall --editable --build-directory /home/ubuntu/ros2_ws/build/lab4/build
[23.324s] DEBUG:colcon.colcon_core.event_handler.log_command:Invoking command in '/home/ubuntu/ros2_ws/src/lab4': PYTHONPATH=/home/ubuntu/ros2_ws/build/lab4/prefix_override:/usr/lib/python3/dist-packages/colcon_core/task/python/colcon_distutils_commands:/home/ubuntu/ros2_ws/install/lab4/lib/python3.10/site-packages:${PYTHONPATH} /usr/bin/python3 -W ignore:setup.py install is deprecated setup.py egg_info --egg-base ../../build/lab4 build --build-base /home/ubuntu/ros2_ws/build/lab4/build install --record /home/ubuntu/ros2_ws/build/lab4/install.log --single-version-externally-managed install_data --force
[27.103s] DEBUG:colcon.colcon_core.event_handler.log_command:Invoked command in '/home/ubuntu/ros2_ws/src/lab4' returned '0': PYTHONPATH=/home/ubuntu/ros2_ws/build/lab4/prefix_override:/usr/lib/python3/dist-packages/colcon_core/task/python/colcon_distutils_commands:/home/ubuntu/ros2_ws/install/lab4/lib/python3.10/site-packages:${PYTHONPATH} /usr/bin/python3 -W ignore:setup.py install is deprecated setup.py egg_info --egg-base ../../build/lab4 build --build-base /home/ubuntu/ros2_ws/build/lab4/build install --record /home/ubuntu/ros2_ws/build/lab4/install.log --single-version-externally-managed install_data --force
[27.191s] Level 1:colcon.colcon_core.environment:checking '/home/ubuntu/ros2_ws/install/lab4' for CMake module files
[27.195s] Level 1:colcon.colcon_core.environment:checking '/home/ubuntu/ros2_ws/install/lab4' for CMake config files
[27.223s] Level 1:colcon.colcon_core.environment:checking '/home/ubuntu/ros2_ws/install/lab4/lib'
[27.224s] Level 1:colcon.colcon_core.environment:checking '/home/ubuntu/ros2_ws/install/lab4/bin'
[27.229s] Level 1:colcon.colcon_core.environment:checking '/home/ubuntu/ros2_ws/install/lab4/lib/pkgconfig/lab4.pc'
[27.231s] Level 1:colcon.colcon_core.environment:checking '/home/ubuntu/ros2_ws/install/lab4/lib/python3.10/site-packages'
[27.232s] Level 1:colcon.colcon_core.shell:create_environment_hook('lab4', 'pythonpath')
[27.235s] INFO:colcon.colcon_core.shell:Creating environment hook '/home/ubuntu/ros2_ws/install/lab4/share/lab4/hook/pythonpath.ps1'
[27.242s] INFO:colcon.colcon_core.shell:Creating environment descriptor '/home/ubuntu/ros2_ws/install/lab4/share/lab4/hook/pythonpath.dsv'
[27.246s] INFO:colcon.colcon_core.shell:Creating environment hook '/home/ubuntu/ros2_ws/install/lab4/share/lab4/hook/pythonpath.sh'
[27.255s] Level 1:colcon.colcon_core.environment:checking '/home/ubuntu/ros2_ws/install/lab4/bin'
[27.256s] Level 1:colcon.colcon_core.environment:create_environment_scripts_only(lab4)
[27.259s] INFO:colcon.colcon_core.shell:Creating package script '/home/ubuntu/ros2_ws/install/lab4/share/lab4/package.ps1'
[27.274s] INFO:colcon.colcon_core.shell:Creating package descriptor '/home/ubuntu/ros2_ws/install/lab4/share/lab4/package.dsv'
[27.291s] INFO:colcon.colcon_core.shell:Creating package script '/home/ubuntu/ros2_ws/install/lab4/share/lab4/package.sh'
[27.322s] INFO:colcon.colcon_core.shell:Creating package script '/home/ubuntu/ros2_ws/install/lab4/share/lab4/package.bash'
[27.351s] INFO:colcon.colcon_core.shell:Creating package script '/home/ubuntu/ros2_ws/install/lab4/share/lab4/package.zsh'
[27.362s] Level 1:colcon.colcon_core.environment:create_file_with_runtime_dependencies(/home/ubuntu/ros2_ws/install/lab4/share/colcon-core/packages/lab4)
[27.371s] DEBUG:colcon.colcon_parallel_executor.executor.parallel:closing loop
[27.372s] DEBUG:colcon.colcon_parallel_executor.executor.parallel:loop closed
[27.372s] DEBUG:colcon.colcon_parallel_executor.executor.parallel:run_until_complete finished with '0'
[27.373s] DEBUG:colcon.colcon_core.event_reactor:joining thread
[27.471s] INFO:colcon.colcon_core.plugin_system:Skipping extension 'colcon_notification.desktop_notification.notify_send': Could not find 'notify-send'
[27.472s] INFO:colcon.colcon_core.plugin_system:Skipping extension 'colcon_notification.desktop_notification.terminal_notifier': Not used on non-Darwin systems
[27.473s] INFO:colcon.colcon_core.plugin_system:Skipping extension 'colcon_notification.desktop_notification.win32': Not used on non-Windows systems
[27.473s] INFO:colcon.colcon_notification.desktop_notification:Sending desktop notification using 'notify2'
[27.486s] DEBUG:colcon.colcon_notification.desktop_notification.notify2:Failed to initialize notify2: org.freedesktop.DBus.Error.ServiceUnknown: The name org.freedesktop.Notifications was not provided by any .service files
[27.486s] DEBUG:colcon.colcon_core.event_reactor:joined thread
[27.487s] INFO:colcon.colcon_core.shell:Creating prefix script '/home/ubuntu/ros2_ws/install/local_setup.ps1'
[27.495s] INFO:colcon.colcon_core.shell:Creating prefix util module '/home/ubuntu/ros2_ws/install/_local_setup_util_ps1.py'
[27.515s] INFO:colcon.colcon_core.shell:Creating prefix chain script '/home/ubuntu/ros2_ws/install/setup.ps1'
[27.544s] INFO:colcon.colcon_core.shell:Creating prefix script '/home/ubuntu/ros2_ws/install/local_setup.sh'
[27.570s] INFO:colcon.colcon_core.shell:Creating prefix util module '/home/ubuntu/ros2_ws/install/_local_setup_util_sh.py'
[27.578s] INFO:colcon.colcon_core.shell:Creating prefix chain script '/home/ubuntu/ros2_ws/install/setup.sh'
[27.611s] INFO:colcon.colcon_core.shell:Creating prefix script '/home/ubuntu/ros2_ws/install/local_setup.bash'
[27.628s] INFO:colcon.colcon_core.shell:Creating prefix chain script '/home/ubuntu/ros2_ws/install/setup.bash'
[27.649s] INFO:colcon.colcon_core.shell:Creating prefix script '/home/ubuntu/ros2_ws/install/local_setup.zsh'
[27.663s] INFO:colcon.colcon_core.shell:Creating prefix chain script '/home/ubuntu/ros2_ws/install/setup.zsh'
