[3.682s] DEBUG:colcon:Command line arguments: ['/usr/bin/colcon', 'build']
[3.682s] DEBUG:colcon:Parsed command line arguments: Namespace(log_base=None, log_level=None, verb_name='build', build_base='build', install_base='install', merge_install=False, symlink_install=False, test_result_base=None, continue_on_error=False, executor='parallel', parallel_workers=4, event_handlers=None, ignore_user_meta=False, metas=['./colcon.meta'], base_paths=['.'], packages_ignore=None, packages_ignore_regex=None, paths=None, packages_up_to=None, packages_up_to_regex=None, packages_above=None, packages_above_and_dependencies=None, packages_above_depth=None, packages_select_by_dep=None, packages_skip_by_dep=None, packages_skip_up_to=None, packages_select_build_failed=False, packages_skip_build_finished=False, packages_select_test_failures=False, packages_skip_test_passed=False, packages_select=None, packages_skip=None, packages_select_regex=None, packages_skip_regex=None, packages_start=None, packages_end=None, allow_overriding=[], cmake_args=None, cmake_target=None, cmake_target_skip_unavailable=False, cmake_clean_cache=False, cmake_clean_first=False, cmake_force_configure=False, ament_cmake_args=None, catkin_cmake_args=None, catkin_skip_building_tests=False, mixin_files=None, mixin=None, verb_parser=<colcon_mixin.mixin.mixin_argument.MixinArgumentDecorator object at 0xffffa05b7ee0>, verb_extension=<colcon_core.verb.build.BuildVerb object at 0xffffa07b4700>, main=<bound method BuildVerb.main of <colcon_core.verb.build.BuildVerb object at 0xffffa07b4700>>, mixin_verb=('build',))
[10.733s] Level 1:colcon.colcon_core.package_discovery:discover_packages(colcon_meta) check parameters
[10.734s] Level 1:colcon.colcon_core.package_discovery:discover_packages(recursive) check parameters
[10.736s] Level 1:colcon.colcon_core.package_discovery:discover_packages(ignore) check parameters
[10.737s] Level 1:colcon.colcon_core.package_discovery:discover_packages(path) check parameters
[10.737s] Level 1:colcon.colcon_core.package_discovery:discover_packages(colcon_meta) discover
[10.737s] Level 1:colcon.colcon_core.package_discovery:discover_packages(recursive) discover
[10.738s] INFO:colcon.colcon_core.package_discovery:Crawling recursively for packages in '/home/ubuntu/ros2_ws/src'
[10.739s] Level 1:colcon.colcon_core.package_identification:_identify(.) by extensions ['ignore', 'ignore_ament_install']
[10.742s] Level 1:colcon.colcon_core.package_identification:_identify(.) by extension 'ignore'
[10.743s] Level 1:colcon.colcon_core.package_identification:_identify(.) by extension 'ignore_ament_install'
[10.743s] Level 1:colcon.colcon_core.package_identification:_identify(.) by extensions ['colcon_pkg']
[10.744s] Level 1:colcon.colcon_core.package_identification:_identify(.) by extension 'colcon_pkg'
[10.744s] Level 1:colcon.colcon_core.package_identification:_identify(.) by extensions ['colcon_meta']
[10.745s] Level 1:colcon.colcon_core.package_identification:_identify(.) by extension 'colcon_meta'
[10.745s] Level 1:colcon.colcon_core.package_identification:_identify(.) by extensions ['ros']
[10.746s] Level 1:colcon.colcon_core.package_identification:_identify(.) by extension 'ros'
[10.840s] Level 1:colcon.colcon_core.package_identification:_identify(.) by extensions ['cmake', 'python']
[10.841s] Level 1:colcon.colcon_core.package_identification:_identify(.) by extension 'cmake'
[10.841s] Level 1:colcon.colcon_core.package_identification:_identify(.) by extension 'python'
[10.843s] Level 1:colcon.colcon_core.package_identification:_identify(.) by extensions ['python_setup_py']
[10.843s] Level 1:colcon.colcon_core.package_identification:_identify(.) by extension 'python_setup_py'
[10.844s] Level 1:colcon.colcon_core.package_identification:_identify(build) by extensions ['ignore', 'ignore_ament_install']
[10.845s] Level 1:colcon.colcon_core.package_identification:_identify(build) by extension 'ignore'
[10.846s] Level 1:colcon.colcon_core.package_identification:_identify(build) ignored
[10.848s] Level 1:colcon.colcon_core.package_identification:_identify(install) by extensions ['ignore', 'ignore_ament_install']
[10.849s] Level 1:colcon.colcon_core.package_identification:_identify(install) by extension 'ignore'
[10.849s] Level 1:colcon.colcon_core.package_identification:_identify(install) ignored
[10.850s] Level 1:colcon.colcon_core.package_identification:_identify(lab4) by extensions ['ignore', 'ignore_ament_install']
[10.851s] Level 1:colcon.colcon_core.package_identification:_identify(lab4) by extension 'ignore'
[10.852s] Level 1:colcon.colcon_core.package_identification:_identify(lab4) by extension 'ignore_ament_install'
[10.853s] Level 1:colcon.colcon_core.package_identification:_identify(lab4) by extensions ['colcon_pkg']
[10.854s] Level 1:colcon.colcon_core.package_identification:_identify(lab4) by extension 'colcon_pkg'
[10.854s] Level 1:colcon.colcon_core.package_identification:_identify(lab4) by extensions ['colcon_meta']
[10.855s] Level 1:colcon.colcon_core.package_identification:_identify(lab4) by extension 'colcon_meta'
[10.855s] Level 1:colcon.colcon_core.package_identification:_identify(lab4) by extensions ['ros']
[10.856s] Level 1:colcon.colcon_core.package_identification:_identify(lab4) by extension 'ros'
[10.916s] DEBUG:colcon.colcon_core.package_identification:Package 'lab4' with type 'ros.ament_python' and name 'lab4'
[10.917s] Level 1:colcon.colcon_core.package_identification:_identify(log) by extensions ['ignore', 'ignore_ament_install']
[10.918s] Level 1:colcon.colcon_core.package_identification:_identify(log) by extension 'ignore'
[10.920s] Level 1:colcon.colcon_core.package_identification:_identify(log) ignored
[10.921s] Level 1:colcon.colcon_core.package_discovery:discover_packages(recursive) using defaults
[10.922s] Level 1:colcon.colcon_core.package_discovery:discover_packages(ignore) discover
[10.926s] Level 1:colcon.colcon_core.package_discovery:discover_packages(ignore) using defaults
[10.926s] Level 1:colcon.colcon_core.package_discovery:discover_packages(path) discover
[10.926s] Level 1:colcon.colcon_core.package_discovery:discover_packages(path) using defaults
[12.180s] Level 1:colcon.colcon_core.package_discovery:discover_packages(prefix_path) check parameters
[12.181s] Level 1:colcon.colcon_core.package_discovery:discover_packages(prefix_path) discover
[12.297s] DEBUG:colcon.colcon_installed_package_information.package_discovery:Found 333 installed packages in /opt/ros/humble
[12.308s] Level 1:colcon.colcon_core.package_discovery:discover_packages(prefix_path) using defaults
[13.214s] Level 5:colcon.colcon_core.verb:set package 'lab4' build argument 'cmake_args' from command line to 'None'
[13.214s] Level 5:colcon.colcon_core.verb:set package 'lab4' build argument 'cmake_target' from command line to 'None'
[13.215s] Level 5:colcon.colcon_core.verb:set package 'lab4' build argument 'cmake_target_skip_unavailable' from command line to 'False'
[13.215s] Level 5:colcon.colcon_core.verb:set package 'lab4' build argument 'cmake_clean_cache' from command line to 'False'
[13.216s] Level 5:colcon.colcon_core.verb:set package 'lab4' build argument 'cmake_clean_first' from command line to 'False'
[13.216s] Level 5:colcon.colcon_core.verb:set package 'lab4' build argument 'cmake_force_configure' from command line to 'False'
[13.216s] Level 5:colcon.colcon_core.verb:set package 'lab4' build argument 'ament_cmake_args' from command line to 'None'
[13.217s] Level 5:colcon.colcon_core.verb:set package 'lab4' build argument 'catkin_cmake_args' from command line to 'None'
[13.217s] Level 5:colcon.colcon_core.verb:set package 'lab4' build argument 'catkin_skip_building_tests' from command line to 'False'
[13.217s] DEBUG:colcon.colcon_core.verb:Building package 'lab4' with the following arguments: {'ament_cmake_args': None, 'build_base': '/home/ubuntu/ros2_ws/src/build/lab4', 'catkin_cmake_args': None, 'catkin_skip_building_tests': False, 'cmake_args': None, 'cmake_clean_cache': False, 'cmake_clean_first': False, 'cmake_force_configure': False, 'cmake_target': None, 'cmake_target_skip_unavailable': False, 'install_base': '/home/ubuntu/ros2_ws/src/install/lab4', 'merge_install': False, 'path': '/home/ubuntu/ros2_ws/src/lab4', 'symlink_install': False, 'test_result_base': None}
[13.220s] INFO:colcon.colcon_core.executor:Executing jobs using 'parallel' executor
[13.227s] DEBUG:colcon.colcon_parallel_executor.executor.parallel:run_until_complete
[13.229s] INFO:colcon.colcon_ros.task.ament_python.build:Building ROS package in '/home/ubuntu/ros2_ws/src/lab4' with build type 'ament_python'
[13.231s] Level 1:colcon.colcon_core.shell:create_environment_hook('lab4', 'ament_prefix_path')
[13.368s] INFO:colcon.colcon_core.plugin_system:Skipping extension 'colcon_core.shell.bat': Not used on non-Windows systems
[13.385s] INFO:colcon.colcon_core.shell:Creating environment hook '/home/ubuntu/ros2_ws/src/install/lab4/share/lab4/hook/ament_prefix_path.ps1'
[13.416s] INFO:colcon.colcon_core.shell:Creating environment descriptor '/home/ubuntu/ros2_ws/src/install/lab4/share/lab4/hook/ament_prefix_path.dsv'
[13.428s] INFO:colcon.colcon_core.shell:Creating environment hook '/home/ubuntu/ros2_ws/src/install/lab4/share/lab4/hook/ament_prefix_path.sh'
[13.444s] INFO:colcon.colcon_core.shell:Skip shell extension 'powershell' for command environment: Not usable outside of PowerShell
[13.445s] DEBUG:colcon.colcon_core.shell:Skip shell extension 'dsv' for command environment
[18.370s] INFO:colcon.colcon_core.task.python.build:Building Python package in '/home/ubuntu/ros2_ws/src/lab4'
[18.373s] INFO:colcon.colcon_core.shell:Skip shell extension 'powershell' for command environment: Not usable outside of PowerShell
[18.377s] DEBUG:colcon.colcon_core.shell:Skip shell extension 'dsv' for command environment
[27.937s] DEBUG:colcon.colcon_core.event_handler.log_command:Invoking command in '/home/ubuntu/ros2_ws/src/lab4': PYTHONPATH=/home/ubuntu/ros2_ws/src/build/lab4/prefix_override:/usr/lib/python3/dist-packages/colcon_core/task/python/colcon_distutils_commands:/home/ubuntu/ros2_ws/src/install/lab4/lib/python3.10/site-packages:${PYTHONPATH} /usr/bin/python3 -W ignore:setup.py install is deprecated setup.py egg_info --egg-base ../build/lab4 build --build-base /home/ubuntu/ros2_ws/src/build/lab4/build install --record /home/ubuntu/ros2_ws/src/build/lab4/install.log --single-version-externally-managed install_data
[33.071s] DEBUG:colcon.colcon_core.event_handler.log_command:Invoked command in '/home/ubuntu/ros2_ws/src/lab4' returned '0': PYTHONPATH=/home/ubuntu/ros2_ws/src/build/lab4/prefix_override:/usr/lib/python3/dist-packages/colcon_core/task/python/colcon_distutils_commands:/home/ubuntu/ros2_ws/src/install/lab4/lib/python3.10/site-packages:${PYTHONPATH} /usr/bin/python3 -W ignore:setup.py install is deprecated setup.py egg_info --egg-base ../build/lab4 build --build-base /home/ubuntu/ros2_ws/src/build/lab4/build install --record /home/ubuntu/ros2_ws/src/build/lab4/install.log --single-version-externally-managed install_data
[33.234s] Level 1:colcon.colcon_core.environment:checking '/home/ubuntu/ros2_ws/src/install/lab4' for CMake module files
[33.238s] Level 1:colcon.colcon_core.environment:checking '/home/ubuntu/ros2_ws/src/install/lab4' for CMake config files
[33.333s] Level 1:colcon.colcon_core.environment:checking '/home/ubuntu/ros2_ws/src/install/lab4/lib'
[33.341s] Level 1:colcon.colcon_core.environment:checking '/home/ubuntu/ros2_ws/src/install/lab4/bin'
[33.341s] Level 1:colcon.colcon_core.environment:checking '/home/ubuntu/ros2_ws/src/install/lab4/lib/pkgconfig/lab4.pc'
[33.346s] Level 1:colcon.colcon_core.environment:checking '/home/ubuntu/ros2_ws/src/install/lab4/lib/python3.10/site-packages'
[33.346s] Level 1:colcon.colcon_core.shell:create_environment_hook('lab4', 'pythonpath')
[33.348s] INFO:colcon.colcon_core.shell:Creating environment hook '/home/ubuntu/ros2_ws/src/install/lab4/share/lab4/hook/pythonpath.ps1'
[33.365s] INFO:colcon.colcon_core.shell:Creating environment descriptor '/home/ubuntu/ros2_ws/src/install/lab4/share/lab4/hook/pythonpath.dsv'
[33.375s] INFO:colcon.colcon_core.shell:Creating environment hook '/home/ubuntu/ros2_ws/src/install/lab4/share/lab4/hook/pythonpath.sh'
[33.380s] Level 1:colcon.colcon_core.environment:checking '/home/ubuntu/ros2_ws/src/install/lab4/bin'
[33.381s] Level 1:colcon.colcon_core.environment:create_environment_scripts_only(lab4)
[33.384s] INFO:colcon.colcon_core.shell:Creating package script '/home/ubuntu/ros2_ws/src/install/lab4/share/lab4/package.ps1'
[33.407s] INFO:colcon.colcon_core.shell:Creating package descriptor '/home/ubuntu/ros2_ws/src/install/lab4/share/lab4/package.dsv'
[33.418s] INFO:colcon.colcon_core.shell:Creating package script '/home/ubuntu/ros2_ws/src/install/lab4/share/lab4/package.sh'
[33.440s] INFO:colcon.colcon_core.shell:Creating package script '/home/ubuntu/ros2_ws/src/install/lab4/share/lab4/package.bash'
[33.463s] INFO:colcon.colcon_core.shell:Creating package script '/home/ubuntu/ros2_ws/src/install/lab4/share/lab4/package.zsh'
[33.476s] Level 1:colcon.colcon_core.environment:create_file_with_runtime_dependencies(/home/ubuntu/ros2_ws/src/install/lab4/share/colcon-core/packages/lab4)
[33.482s] DEBUG:colcon.colcon_parallel_executor.executor.parallel:closing loop
[33.484s] DEBUG:colcon.colcon_parallel_executor.executor.parallel:loop closed
[33.484s] DEBUG:colcon.colcon_parallel_executor.executor.parallel:run_until_complete finished with '0'
[33.491s] DEBUG:colcon.colcon_core.event_reactor:joining thread
[33.713s] INFO:colcon.colcon_core.plugin_system:Skipping extension 'colcon_notification.desktop_notification.notify_send': Could not find 'notify-send'
[33.715s] INFO:colcon.colcon_core.plugin_system:Skipping extension 'colcon_notification.desktop_notification.terminal_notifier': Not used on non-Darwin systems
[33.716s] INFO:colcon.colcon_core.plugin_system:Skipping extension 'colcon_notification.desktop_notification.win32': Not used on non-Windows systems
[33.719s] INFO:colcon.colcon_notification.desktop_notification:Sending desktop notification using 'notify2'
[33.746s] DEBUG:colcon.colcon_notification.desktop_notification.notify2:Failed to initialize notify2: org.freedesktop.DBus.Error.ServiceUnknown: The name org.freedesktop.Notifications was not provided by any .service files
[33.747s] DEBUG:colcon.colcon_core.event_reactor:joined thread
[33.750s] INFO:colcon.colcon_core.shell:Creating prefix script '/home/ubuntu/ros2_ws/src/install/local_setup.ps1'
[33.801s] INFO:colcon.colcon_core.shell:Creating prefix util module '/home/ubuntu/ros2_ws/src/install/_local_setup_util_ps1.py'
[33.846s] INFO:colcon.colcon_core.shell:Creating prefix chain script '/home/ubuntu/ros2_ws/src/install/setup.ps1'
[33.893s] INFO:colcon.colcon_core.shell:Creating prefix script '/home/ubuntu/ros2_ws/src/install/local_setup.sh'
[33.923s] INFO:colcon.colcon_core.shell:Creating prefix util module '/home/ubuntu/ros2_ws/src/install/_local_setup_util_sh.py'
[33.930s] INFO:colcon.colcon_core.shell:Creating prefix chain script '/home/ubuntu/ros2_ws/src/install/setup.sh'
[33.945s] INFO:colcon.colcon_core.shell:Creating prefix script '/home/ubuntu/ros2_ws/src/install/local_setup.bash'
[33.949s] INFO:colcon.colcon_core.shell:Creating prefix chain script '/home/ubuntu/ros2_ws/src/install/setup.bash'
[33.961s] INFO:colcon.colcon_core.shell:Creating prefix script '/home/ubuntu/ros2_ws/src/install/local_setup.zsh'
[33.966s] INFO:colcon.colcon_core.shell:Creating prefix chain script '/home/ubuntu/ros2_ws/src/install/setup.zsh'
