running develop
running egg_info
creating lab4.egg-info
writing lab4.egg-info/PKG-INFO
writing dependency_links to lab4.egg-info/dependency_links.txt
writing entry points to lab4.egg-info/entry_points.txt
writing requirements to lab4.egg-info/requires.txt
writing top-level names to lab4.egg-info/top_level.txt
writing manifest file 'lab4.egg-info/SOURCES.txt'
reading manifest file 'lab4.egg-info/SOURCES.txt'
writing manifest file 'lab4.egg-info/SOURCES.txt'
running build_ext
Creating /home/ubuntu/ros2_ws/install/lab4/lib/python3.10/site-packages/lab4.egg-link (link to .)
Installing social_navigation_node script to /home/ubuntu/ros2_ws/install/lab4/lib/lab4

Installed /home/ubuntu/ros2_ws/build/lab4
running symlink_data
creating /home/ubuntu/ros2_ws/install/lab4/share/ament_index
creating /home/ubuntu/ros2_ws/install/lab4/share/ament_index/resource_index
creating /home/ubuntu/ros2_ws/install/lab4/share/ament_index/resource_index/packages
symbolically linking /home/ubuntu/ros2_ws/build/lab4/resource/lab4 -> /home/ubuntu/ros2_ws/install/lab4/share/ament_index/resource_index/packages
symbolically linking /home/ubuntu/ros2_ws/build/lab4/package.xml -> /home/ubuntu/ros2_ws/install/lab4/share/lab4
creating /home/ubuntu/ros2_ws/install/lab4/share/lab4/launch
symbolically linking /home/ubuntu/ros2_ws/build/lab4/launch/bringup_and_waypoints.launch.py -> /home/ubuntu/ros2_ws/install/lab4/share/lab4/launch
