running develop
Removing /home/ubuntu/ros2_ws/install/lab4/lib/python3.10/site-packages/lab4.egg-link (link to .)
running egg_info
writing ../../build/lab4/lab4.egg-info/PKG-INFO
writing dependency_links to ../../build/lab4/lab4.egg-info/dependency_links.txt
writing entry points to ../../build/lab4/lab4.egg-info/entry_points.txt
writing requirements to ../../build/lab4/lab4.egg-info/requires.txt
writing top-level names to ../../build/lab4/lab4.egg-info/top_level.txt
reading manifest file '../../build/lab4/lab4.egg-info/SOURCES.txt'
adding license file 'LICENSE'
writing manifest file '../../build/lab4/lab4.egg-info/SOURCES.txt'
running build
running build_py
creating /home/ubuntu/ros2_ws/build/lab4/build
creating /home/ubuntu/ros2_ws/build/lab4/build/lib
creating /home/ubuntu/ros2_ws/build/lab4/build/lib/lab4
copying lab4/__init__.py -> /home/ubuntu/ros2_ws/build/lab4/build/lib/lab4
copying lab4/social_navigation_node.py -> /home/ubuntu/ros2_ws/build/lab4/build/lib/lab4
running install
running install_lib
creating /home/ubuntu/ros2_ws/install/lab4/lib/python3.10/site-packages/lab4
copying /home/ubuntu/ros2_ws/build/lab4/build/lib/lab4/__init__.py -> /home/ubuntu/ros2_ws/install/lab4/lib/python3.10/site-packages/lab4
copying /home/ubuntu/ros2_ws/build/lab4/build/lib/lab4/social_navigation_node.py -> /home/ubuntu/ros2_ws/install/lab4/lib/python3.10/site-packages/lab4
byte-compiling /home/ubuntu/ros2_ws/install/lab4/lib/python3.10/site-packages/lab4/__init__.py to __init__.cpython-310.pyc
byte-compiling /home/ubuntu/ros2_ws/install/lab4/lib/python3.10/site-packages/lab4/social_navigation_node.py to social_navigation_node.cpython-310.pyc
running install_data
copying resource/lab4 -> /home/ubuntu/ros2_ws/install/lab4/share/ament_index/resource_index/packages
copying package.xml -> /home/ubuntu/ros2_ws/install/lab4/share/lab4
copying launch/bringup_and_waypoints.launch.py -> /home/ubuntu/ros2_ws/install/lab4/share/lab4/launch
running install_egg_info
Copying ../../build/lab4/lab4.egg-info to /home/ubuntu/ros2_ws/install/lab4/lib/python3.10/site-packages/lab4-0.0.0-py3.10.egg-info
running install_scripts
Installing social_navigation_node script to /home/ubuntu/ros2_ws/install/lab4/lib/lab4
writing list of installed files to '/home/ubuntu/ros2_ws/build/lab4/install.log'
