[3.541s] Invoking command in '/home/ubuntu/ros2_ws/src/lab4': PYTHONPATH=/home/ubuntu/ros2_ws/src/build/lab4/prefix_override:/usr/lib/python3/dist-packages/colcon_core/task/python/colcon_distutils_commands:/home/ubuntu/ros2_ws/src/install/lab4/lib/python3.10/site-packages:${PYTHONPATH} /usr/bin/python3 -W ignore:setup.py install is deprecated setup.py egg_info --egg-base ../build/lab4 build --build-base /home/ubuntu/ros2_ws/src/build/lab4/build install --record /home/ubuntu/ros2_ws/src/build/lab4/install.log --single-version-externally-managed install_data
[4.914s] running egg_info
[4.916s] writing ../build/lab4/lab4.egg-info/PKG-INFO
[4.917s] writing dependency_links to ../build/lab4/lab4.egg-info/dependency_links.txt
[4.918s] writing entry points to ../build/lab4/lab4.egg-info/entry_points.txt
[4.919s] writing requirements to ../build/lab4/lab4.egg-info/requires.txt
[4.920s] writing top-level names to ../build/lab4/lab4.egg-info/top_level.txt
[4.931s] reading manifest file '../build/lab4/lab4.egg-info/SOURCES.txt'
[4.934s] adding license file 'LICENSE'
[4.936s] writing manifest file '../build/lab4/lab4.egg-info/SOURCES.txt'
[4.937s] running build
[4.937s] running build_py
[4.938s] copying lab4/social_navigation_node.py -> /home/ubuntu/ros2_ws/src/build/lab4/build/lib/lab4
[4.940s] running install
[4.941s] running install_lib
[4.945s] copying /home/ubuntu/ros2_ws/src/build/lab4/build/lib/lab4/social_navigation_node.py -> /home/ubuntu/ros2_ws/src/install/lab4/lib/python3.10/site-packages/lab4
[4.948s] byte-compiling /home/ubuntu/ros2_ws/src/install/lab4/lib/python3.10/site-packages/lab4/social_navigation_node.py to social_navigation_node.cpython-310.pyc
[4.956s] running install_data
[4.957s] copying package.xml -> /home/ubuntu/ros2_ws/src/install/lab4/share/lab4
[4.959s] creating /home/ubuntu/ros2_ws/src/install/lab4/share/lab4/launch
[4.959s] copying launch/bringup_and_waypoints.launch.py -> /home/ubuntu/ros2_ws/src/install/lab4/share/lab4/launch
[4.960s] running install_egg_info
[4.968s] removing '/home/ubuntu/ros2_ws/src/install/lab4/lib/python3.10/site-packages/lab4-0.0.0-py3.10.egg-info' (and everything under it)
[4.970s] Copying ../build/lab4/lab4.egg-info to /home/ubuntu/ros2_ws/src/install/lab4/lib/python3.10/site-packages/lab4-0.0.0-py3.10.egg-info
[4.976s] running install_scripts
[5.062s] Installing social_navigation_node script to /home/ubuntu/ros2_ws/src/install/lab4/lib/lab4
[5.064s] writing list of installed files to '/home/ubuntu/ros2_ws/src/build/lab4/install.log'
[5.211s] Invoked command in '/home/ubuntu/ros2_ws/src/lab4' returned '0': PYTHONPATH=/home/ubuntu/ros2_ws/src/build/lab4/prefix_override:/usr/lib/python3/dist-packages/colcon_core/task/python/colcon_distutils_commands:/home/ubuntu/ros2_ws/src/install/lab4/lib/python3.10/site-packages:${PYTHONPATH} /usr/bin/python3 -W ignore:setup.py install is deprecated setup.py egg_info --egg-base ../build/lab4 build --build-base /home/ubuntu/ros2_ws/src/build/lab4/build install --record /home/ubuntu/ros2_ws/src/build/lab4/install.log --single-version-externally-managed install_data
