[1.791s] DEBUG:colcon:Command line arguments: ['/usr/bin/colcon', 'build', '--symlink-install']
[1.791s] DEBUG:colcon:Parsed command line arguments: Namespace(log_base=None, log_level=None, verb_name='build', build_base='build', install_base='install', merge_install=False, symlink_install=True, test_result_base=None, continue_on_error=False, executor='parallel', parallel_workers=4, event_handlers=None, ignore_user_meta=False, metas=['./colcon.meta'], base_paths=['.'], packages_ignore=None, packages_ignore_regex=None, paths=None, packages_up_to=None, packages_up_to_regex=None, packages_above=None, packages_above_and_dependencies=None, packages_above_depth=None, packages_select_by_dep=None, packages_skip_by_dep=None, packages_skip_up_to=None, packages_select_build_failed=False, packages_skip_build_finished=False, packages_select_test_failures=False, packages_skip_test_passed=False, packages_select=None, packages_skip=None, packages_select_regex=None, packages_skip_regex=None, packages_start=None, packages_end=None, allow_overriding=[], cmake_args=None, cmake_target=None, cmake_target_skip_unavailable=False, cmake_clean_cache=False, cmake_clean_first=False, cmake_force_configure=False, ament_cmake_args=None, catkin_cmake_args=None, catkin_skip_building_tests=False, mixin_files=None, mixin=None, verb_parser=<colcon_mixin.mixin.mixin_argument.MixinArgumentDecorator object at 0xffffab8fc5e0>, verb_extension=<colcon_core.verb.build.BuildVerb object at 0xffffababcb80>, main=<bound method BuildVerb.main of <colcon_core.verb.build.BuildVerb object at 0xffffababcb80>>, mixin_verb=('build',))
[4.726s] Level 1:colcon.colcon_core.package_discovery:discover_packages(colcon_meta) check parameters
[4.727s] Level 1:colcon.colcon_core.package_discovery:discover_packages(recursive) check parameters
[4.727s] Level 1:colcon.colcon_core.package_discovery:discover_packages(ignore) check parameters
[4.728s] Level 1:colcon.colcon_core.package_discovery:discover_packages(path) check parameters
[4.728s] Level 1:colcon.colcon_core.package_discovery:discover_packages(colcon_meta) discover
[4.729s] Level 1:colcon.colcon_core.package_discovery:discover_packages(recursive) discover
[4.731s] INFO:colcon.colcon_core.package_discovery:Crawling recursively for packages in '/home/ubuntu/ros2_ws'
[4.732s] Level 1:colcon.colcon_core.package_identification:_identify(.) by extensions ['ignore', 'ignore_ament_install']
[4.733s] Level 1:colcon.colcon_core.package_identification:_identify(.) by extension 'ignore'
[4.734s] Level 1:colcon.colcon_core.package_identification:_identify(.) by extension 'ignore_ament_install'
[4.735s] Level 1:colcon.colcon_core.package_identification:_identify(.) by extensions ['colcon_pkg']
[4.736s] Level 1:colcon.colcon_core.package_identification:_identify(.) by extension 'colcon_pkg'
[4.737s] Level 1:colcon.colcon_core.package_identification:_identify(.) by extensions ['colcon_meta']
[4.737s] Level 1:colcon.colcon_core.package_identification:_identify(.) by extension 'colcon_meta'
[4.739s] Level 1:colcon.colcon_core.package_identification:_identify(.) by extensions ['ros']
[4.742s] Level 1:colcon.colcon_core.package_identification:_identify(.) by extension 'ros'
[4.904s] Level 1:colcon.colcon_core.package_identification:_identify(.) by extensions ['cmake', 'python']
[4.904s] Level 1:colcon.colcon_core.package_identification:_identify(.) by extension 'cmake'
[4.906s] Level 1:colcon.colcon_core.package_identification:_identify(.) by extension 'python'
[4.906s] Level 1:colcon.colcon_core.package_identification:_identify(.) by extensions ['python_setup_py']
[4.907s] Level 1:colcon.colcon_core.package_identification:_identify(.) by extension 'python_setup_py'
[4.909s] Level 1:colcon.colcon_core.package_identification:_identify(build) by extensions ['ignore', 'ignore_ament_install']
[4.910s] Level 1:colcon.colcon_core.package_identification:_identify(build) by extension 'ignore'
[4.910s] Level 1:colcon.colcon_core.package_identification:_identify(build) ignored
[4.911s] Level 1:colcon.colcon_core.package_identification:_identify(install) by extensions ['ignore', 'ignore_ament_install']
[4.912s] Level 1:colcon.colcon_core.package_identification:_identify(install) by extension 'ignore'
[4.912s] Level 1:colcon.colcon_core.package_identification:_identify(install) ignored
[4.913s] Level 1:colcon.colcon_core.package_identification:_identify(log) by extensions ['ignore', 'ignore_ament_install']
[4.914s] Level 1:colcon.colcon_core.package_identification:_identify(log) by extension 'ignore'
[4.914s] Level 1:colcon.colcon_core.package_identification:_identify(log) ignored
[4.915s] Level 1:colcon.colcon_core.package_identification:_identify(src) by extensions ['ignore', 'ignore_ament_install']
[4.918s] Level 1:colcon.colcon_core.package_identification:_identify(src) by extension 'ignore'
[4.920s] Level 1:colcon.colcon_core.package_identification:_identify(src) by extension 'ignore_ament_install'
[4.924s] Level 1:colcon.colcon_core.package_identification:_identify(src) by extensions ['colcon_pkg']
[4.925s] Level 1:colcon.colcon_core.package_identification:_identify(src) by extension 'colcon_pkg'
[4.925s] Level 1:colcon.colcon_core.package_identification:_identify(src) by extensions ['colcon_meta']
[4.926s] Level 1:colcon.colcon_core.package_identification:_identify(src) by extension 'colcon_meta'
[4.927s] Level 1:colcon.colcon_core.package_identification:_identify(src) by extensions ['ros']
[4.927s] Level 1:colcon.colcon_core.package_identification:_identify(src) by extension 'ros'
[4.928s] Level 1:colcon.colcon_core.package_identification:_identify(src) by extensions ['cmake', 'python']
[4.928s] Level 1:colcon.colcon_core.package_identification:_identify(src) by extension 'cmake'
[4.929s] Level 1:colcon.colcon_core.package_identification:_identify(src) by extension 'python'
[4.929s] Level 1:colcon.colcon_core.package_identification:_identify(src) by extensions ['python_setup_py']
[4.930s] Level 1:colcon.colcon_core.package_identification:_identify(src) by extension 'python_setup_py'
[4.931s] Level 1:colcon.colcon_core.package_identification:_identify(src/build) by extensions ['ignore', 'ignore_ament_install']
[4.932s] Level 1:colcon.colcon_core.package_identification:_identify(src/build) by extension 'ignore'
[4.933s] Level 1:colcon.colcon_core.package_identification:_identify(src/build) ignored
[4.936s] Level 1:colcon.colcon_core.package_identification:_identify(src/install) by extensions ['ignore', 'ignore_ament_install']
[4.936s] Level 1:colcon.colcon_core.package_identification:_identify(src/install) by extension 'ignore'
[4.937s] Level 1:colcon.colcon_core.package_identification:_identify(src/install) ignored
[4.938s] Level 1:colcon.colcon_core.package_identification:_identify(src/lab4) by extensions ['ignore', 'ignore_ament_install']
[4.939s] Level 1:colcon.colcon_core.package_identification:_identify(src/lab4) by extension 'ignore'
[4.939s] Level 1:colcon.colcon_core.package_identification:_identify(src/lab4) by extension 'ignore_ament_install'
[4.940s] Level 1:colcon.colcon_core.package_identification:_identify(src/lab4) by extensions ['colcon_pkg']
[4.940s] Level 1:colcon.colcon_core.package_identification:_identify(src/lab4) by extension 'colcon_pkg'
[4.941s] Level 1:colcon.colcon_core.package_identification:_identify(src/lab4) by extensions ['colcon_meta']
[4.941s] Level 1:colcon.colcon_core.package_identification:_identify(src/lab4) by extension 'colcon_meta'
[4.942s] Level 1:colcon.colcon_core.package_identification:_identify(src/lab4) by extensions ['ros']
[4.942s] Level 1:colcon.colcon_core.package_identification:_identify(src/lab4) by extension 'ros'
[4.962s] DEBUG:colcon.colcon_core.package_identification:Package 'src/lab4' with type 'ros.ament_python' and name 'lab4'
[4.963s] Level 1:colcon.colcon_core.package_identification:_identify(src/log) by extensions ['ignore', 'ignore_ament_install']
[4.964s] Level 1:colcon.colcon_core.package_identification:_identify(src/log) by extension 'ignore'
[4.965s] Level 1:colcon.colcon_core.package_identification:_identify(src/log) ignored
[4.965s] Level 1:colcon.colcon_core.package_discovery:discover_packages(recursive) using defaults
[4.965s] Level 1:colcon.colcon_core.package_discovery:discover_packages(ignore) discover
[4.967s] Level 1:colcon.colcon_core.package_discovery:discover_packages(ignore) using defaults
[4.967s] Level 1:colcon.colcon_core.package_discovery:discover_packages(path) discover
[4.968s] Level 1:colcon.colcon_core.package_discovery:discover_packages(path) using defaults
[5.230s] Level 1:colcon.colcon_core.package_discovery:discover_packages(prefix_path) check parameters
[5.230s] Level 1:colcon.colcon_core.package_discovery:discover_packages(prefix_path) discover
[5.238s] WARNING:colcon.colcon_core.prefix_path.colcon:The path '/home/ubuntu/lab-4-social-navigation-botworks/ros2_ws/install' in the environment variable COLCON_PREFIX_PATH doesn't exist
[5.239s] WARNING:colcon.colcon_ros.prefix_path.ament:The path '/home/ubuntu/lab-4-social-navigation-botworks/ros2_ws/install/lab4' in the environment variable AMENT_PREFIX_PATH doesn't exist
[5.260s] DEBUG:colcon.colcon_installed_package_information.package_discovery:Found 333 installed packages in /opt/ros/humble
[5.272s] Level 1:colcon.colcon_core.package_discovery:discover_packages(prefix_path) using defaults
[5.761s] Level 5:colcon.colcon_core.verb:set package 'lab4' build argument 'cmake_args' from command line to 'None'
[5.761s] Level 5:colcon.colcon_core.verb:set package 'lab4' build argument 'cmake_target' from command line to 'None'
[5.762s] Level 5:colcon.colcon_core.verb:set package 'lab4' build argument 'cmake_target_skip_unavailable' from command line to 'False'
[5.762s] Level 5:colcon.colcon_core.verb:set package 'lab4' build argument 'cmake_clean_cache' from command line to 'False'
[5.762s] Level 5:colcon.colcon_core.verb:set package 'lab4' build argument 'cmake_clean_first' from command line to 'False'
[5.763s] Level 5:colcon.colcon_core.verb:set package 'lab4' build argument 'cmake_force_configure' from command line to 'False'
[5.763s] Level 5:colcon.colcon_core.verb:set package 'lab4' build argument 'ament_cmake_args' from command line to 'None'
[5.764s] Level 5:colcon.colcon_core.verb:set package 'lab4' build argument 'catkin_cmake_args' from command line to 'None'
[5.764s] Level 5:colcon.colcon_core.verb:set package 'lab4' build argument 'catkin_skip_building_tests' from command line to 'False'
[5.765s] DEBUG:colcon.colcon_core.verb:Building package 'lab4' with the following arguments: {'ament_cmake_args': None, 'build_base': '/home/ubuntu/ros2_ws/build/lab4', 'catkin_cmake_args': None, 'catkin_skip_building_tests': False, 'cmake_args': None, 'cmake_clean_cache': False, 'cmake_clean_first': False, 'cmake_force_configure': False, 'cmake_target': None, 'cmake_target_skip_unavailable': False, 'install_base': '/home/ubuntu/ros2_ws/install/lab4', 'merge_install': False, 'path': '/home/ubuntu/ros2_ws/src/lab4', 'symlink_install': True, 'test_result_base': None}
[5.766s] INFO:colcon.colcon_core.executor:Executing jobs using 'parallel' executor
[5.778s] DEBUG:colcon.colcon_parallel_executor.executor.parallel:run_until_complete
[5.780s] INFO:colcon.colcon_ros.task.ament_python.build:Building ROS package in '/home/ubuntu/ros2_ws/src/lab4' with build type 'ament_python'
[5.780s] Level 1:colcon.colcon_core.shell:create_environment_hook('lab4', 'ament_prefix_path')
[5.817s] INFO:colcon.colcon_core.plugin_system:Skipping extension 'colcon_core.shell.bat': Not used on non-Windows systems
[5.819s] INFO:colcon.colcon_core.shell:Creating environment hook '/home/ubuntu/ros2_ws/install/lab4/share/lab4/hook/ament_prefix_path.ps1'
[5.830s] INFO:colcon.colcon_core.shell:Creating environment descriptor '/home/ubuntu/ros2_ws/install/lab4/share/lab4/hook/ament_prefix_path.dsv'
[5.841s] INFO:colcon.colcon_core.shell:Creating environment hook '/home/ubuntu/ros2_ws/install/lab4/share/lab4/hook/ament_prefix_path.sh'
[5.855s] INFO:colcon.colcon_core.shell:Skip shell extension 'powershell' for command environment: Not usable outside of PowerShell
[5.855s] DEBUG:colcon.colcon_core.shell:Skip shell extension 'dsv' for command environment
[9.629s] INFO:colcon.colcon_core.task.python.build:Building Python package in '/home/ubuntu/ros2_ws/src/lab4'
[9.631s] INFO:colcon.colcon_core.shell:Skip shell extension 'powershell' for command environment: Not usable outside of PowerShell
[9.631s] DEBUG:colcon.colcon_core.shell:Skip shell extension 'dsv' for command environment
[14.645s] DEBUG:colcon.colcon_core.event_handler.log_command:Invoking command in '/home/ubuntu/ros2_ws/build/lab4': PYTHONPATH=/home/ubuntu/ros2_ws/build/lab4/prefix_override:/usr/lib/python3/dist-packages/colcon_core/task/python/colcon_distutils_commands:/home/ubuntu/ros2_ws/install/lab4/lib/python3.10/site-packages:${PYTHONPATH} /usr/bin/python3 -W ignore:setup.py install is deprecated setup.py develop --editable --build-directory /home/ubuntu/ros2_ws/build/lab4/build --no-deps symlink_data
[21.216s] Level 1:colcon.colcon_core.shell:create_environment_hook('lab4', 'pythonpath_develop')
[21.225s] DEBUG:colcon.colcon_core.event_handler.log_command:Invoked command in '/home/ubuntu/ros2_ws/build/lab4' returned '0': PYTHONPATH=/home/ubuntu/ros2_ws/build/lab4/prefix_override:/usr/lib/python3/dist-packages/colcon_core/task/python/colcon_distutils_commands:/home/ubuntu/ros2_ws/install/lab4/lib/python3.10/site-packages:${PYTHONPATH} /usr/bin/python3 -W ignore:setup.py install is deprecated setup.py develop --editable --build-directory /home/ubuntu/ros2_ws/build/lab4/build --no-deps symlink_data
[21.230s] INFO:colcon.colcon_core.shell:Creating environment hook '/home/ubuntu/ros2_ws/build/lab4/share/lab4/hook/pythonpath_develop.ps1'
[21.248s] INFO:colcon.colcon_core.shell:Creating environment descriptor '/home/ubuntu/ros2_ws/build/lab4/share/lab4/hook/pythonpath_develop.dsv'
[21.260s] INFO:colcon.colcon_core.shell:Creating environment hook '/home/ubuntu/ros2_ws/build/lab4/share/lab4/hook/pythonpath_develop.sh'
[21.296s] Level 1:colcon.colcon_core.environment:checking '/home/ubuntu/ros2_ws/install/lab4' for CMake module files
[21.300s] Level 1:colcon.colcon_core.environment:checking '/home/ubuntu/ros2_ws/install/lab4' for CMake config files
[21.307s] Level 1:colcon.colcon_core.environment:checking '/home/ubuntu/ros2_ws/install/lab4/lib'
[21.309s] Level 1:colcon.colcon_core.environment:checking '/home/ubuntu/ros2_ws/install/lab4/bin'
[21.310s] Level 1:colcon.colcon_core.environment:checking '/home/ubuntu/ros2_ws/install/lab4/lib/pkgconfig/lab4.pc'
[21.312s] Level 1:colcon.colcon_core.environment:checking '/home/ubuntu/ros2_ws/install/lab4/lib/python3.10/site-packages'
[21.312s] Level 1:colcon.colcon_core.shell:create_environment_hook('lab4', 'pythonpath')
[21.314s] INFO:colcon.colcon_core.shell:Creating environment hook '/home/ubuntu/ros2_ws/install/lab4/share/lab4/hook/pythonpath.ps1'
[21.319s] INFO:colcon.colcon_core.shell:Creating environment descriptor '/home/ubuntu/ros2_ws/install/lab4/share/lab4/hook/pythonpath.dsv'
[21.322s] INFO:colcon.colcon_core.shell:Creating environment hook '/home/ubuntu/ros2_ws/install/lab4/share/lab4/hook/pythonpath.sh'
[21.327s] Level 1:colcon.colcon_core.environment:checking '/home/ubuntu/ros2_ws/install/lab4/bin'
[21.328s] Level 1:colcon.colcon_core.environment:create_environment_scripts_only(lab4)
[21.331s] INFO:colcon.colcon_core.shell:Creating package script '/home/ubuntu/ros2_ws/install/lab4/share/lab4/package.ps1'
[21.338s] INFO:colcon.colcon_core.shell:Creating package descriptor '/home/ubuntu/ros2_ws/install/lab4/share/lab4/package.dsv'
[21.344s] INFO:colcon.colcon_core.shell:Creating package script '/home/ubuntu/ros2_ws/install/lab4/share/lab4/package.sh'
[21.349s] INFO:colcon.colcon_core.shell:Creating package script '/home/ubuntu/ros2_ws/install/lab4/share/lab4/package.bash'
[21.355s] INFO:colcon.colcon_core.shell:Creating package script '/home/ubuntu/ros2_ws/install/lab4/share/lab4/package.zsh'
[21.360s] Level 1:colcon.colcon_core.environment:create_file_with_runtime_dependencies(/home/ubuntu/ros2_ws/install/lab4/share/colcon-core/packages/lab4)
[21.363s] DEBUG:colcon.colcon_parallel_executor.executor.parallel:closing loop
[21.364s] DEBUG:colcon.colcon_parallel_executor.executor.parallel:loop closed
[21.365s] DEBUG:colcon.colcon_parallel_executor.executor.parallel:run_until_complete finished with '0'
[21.367s] DEBUG:colcon.colcon_core.event_reactor:joining thread
[21.485s] INFO:colcon.colcon_core.plugin_system:Skipping extension 'colcon_notification.desktop_notification.notify_send': Could not find 'notify-send'
[21.488s] INFO:colcon.colcon_core.plugin_system:Skipping extension 'colcon_notification.desktop_notification.terminal_notifier': Not used on non-Darwin systems
[21.493s] INFO:colcon.colcon_core.plugin_system:Skipping extension 'colcon_notification.desktop_notification.win32': Not used on non-Windows systems
[21.496s] INFO:colcon.colcon_notification.desktop_notification:Sending desktop notification using 'notify2'
[21.521s] DEBUG:colcon.colcon_notification.desktop_notification.notify2:Failed to initialize notify2: org.freedesktop.DBus.Error.ServiceUnknown: The name org.freedesktop.Notifications was not provided by any .service files
[21.522s] DEBUG:colcon.colcon_core.event_reactor:joined thread
[21.523s] INFO:colcon.colcon_core.shell:Creating prefix script '/home/ubuntu/ros2_ws/install/local_setup.ps1'
[21.536s] INFO:colcon.colcon_core.shell:Creating prefix util module '/home/ubuntu/ros2_ws/install/_local_setup_util_ps1.py'
[21.565s] INFO:colcon.colcon_core.shell:Creating prefix chain script '/home/ubuntu/ros2_ws/install/setup.ps1'
[21.588s] INFO:colcon.colcon_core.shell:Creating prefix script '/home/ubuntu/ros2_ws/install/local_setup.sh'
[21.594s] INFO:colcon.colcon_core.shell:Creating prefix util module '/home/ubuntu/ros2_ws/install/_local_setup_util_sh.py'
[21.603s] INFO:colcon.colcon_core.shell:Creating prefix chain script '/home/ubuntu/ros2_ws/install/setup.sh'
[21.612s] INFO:colcon.colcon_core.shell:Creating prefix script '/home/ubuntu/ros2_ws/install/local_setup.bash'
[21.616s] INFO:colcon.colcon_core.shell:Creating prefix chain script '/home/ubuntu/ros2_ws/install/setup.bash'
[21.623s] INFO:colcon.colcon_core.shell:Creating prefix script '/home/ubuntu/ros2_ws/install/local_setup.zsh'
[21.626s] INFO:colcon.colcon_core.shell:Creating prefix chain script '/home/ubuntu/ros2_ws/install/setup.zsh'
